Initiating Rotary Archive Sync sequence...
Internet connection verified.

--- Checking for pending uploads ---
No new local recordings found.

--- Syncing Active Deployments from Cloudflare ---

Sync sequence complete.
Initiating Rotary Archive Sync sequence...
Internet connection verified.

--- Checking for pending uploads ---
Uploading 7563_20260528_205528_new.wav...
  -> Upload successful!

--- Syncing Active Deployments from Cloudflare ---

Sync sequence complete.
Initiating Rotary Archive Sync sequence...
Internet connection verified.

--- Checking for pending uploads ---
Uploading 21130_20260528_215512_new.wav...
  -> Upload successful!
Uploading 44440_20260528_215601_new.wav...
  -> Upload successful!

--- Syncing Active Deployments from Cloudflare ---

Sync sequence complete.
Initiating Rotary Archive Sync sequence...
Internet connection verified.

--- Checking for pending uploads ---
No new local recordings found.

--- Syncing Active Deployments from Cloudflare ---

Sync sequence complete.
Initiating Rotary Archive Sync sequence...
Internet connection verified.

--- Checking for pending uploads ---
No new local recordings found.

--- Syncing Active Deployments from Cloudflare ---
Downloading new deployment for 888: 888_1780009472061.m4a...
  -> [Optimization] Converting 888_1780009472061.m4a to WAV...
  -> Optimization complete. Original backed up to: originals_backup/888_1780009472061.m4a
  -> Download and optimization complete.

Sync sequence complete.
Initiating Rotary Archive Sync sequence...
Internet connection verified.

--- Checking for pending uploads ---
No new local recordings found.

--- Syncing Active Deployments from Cloudflare ---
Downloading new deployment for 80085: 80085_1780014163691.webm...
  -> [Optimization] Converting 80085_1780014163691.webm to WAV...
  -> Optimization complete. Original backed up to: originals_backup/80085_1780014163691.webm
  -> Download and optimization complete.

Sync sequence complete.
Initiating Rotary Archive Sync sequence...
Internet connection verified.

--- Checking for pending uploads ---
No new local recordings found.

--- Syncing Active Deployments from Cloudflare ---

Sync sequence complete.
Initiating Rotary Archive Sync sequence...
Internet connection verified.

--- Checking for pending uploads ---
No new local recordings found.

--- Syncing Active Deployments from Cloudflare ---

Sync sequence complete.
Initiating Rotary Archive Sync sequence...
Internet connection verified.

--- Checking for pending uploads ---
Uploading 10_20260529_033713_new.wav...
  -> Upload successful!

--- Syncing Active Deployments from Cloudflare ---

Sync sequence complete.
Initiating Rotary Archive Sync sequence...
Internet connection verified.

--- Checking for pending uploads ---
No new local recordings found.

--- Syncing Active Deployments from Cloudflare ---

Sync sequence complete.
Initiating Rotary Archive Sync sequence...
Internet connection verified.

--- Checking for pending uploads ---
No new local recordings found.

--- Syncing Active Deployments from Cloudflare ---

Sync sequence complete.
Initiating Rotary Archive Sync sequence...
Internet connection verified.

--- Checking for pending uploads ---
No new local recordings found.

--- Syncing Active Deployments from Cloudflare ---

Sync sequence complete.
Initiating Rotary Archive Sync sequence...
Internet connection verified.

--- Checking for pending uploads ---
Uploading 666_20260529_195047_new.wav...
  -> Upload successful!

--- Syncing Active Deployments from Cloudflare ---

Sync sequence complete.
Initiating Rotary Archive Sync sequence...
Internet connection verified.

--- Checking for pending uploads ---
Uploading 594_20260529_204810_new.wav...
  -> Upload successful!

--- Syncing Active Deployments from Cloudflare ---

Sync sequence complete.
